[Practical Java] [2m14:14:02.717[0;39m [32m INFO[0;39m [2m---[0;39m [36mc.c.p.PracticalJavaApplication          [0;39m [2m:[0;39m Starting PracticalJavaApplication using Java 11.0.13 on APAUNOVIC with PID 832 (C:\Users\andjela.paunovic\IdeaProjects\practical-java\build\classes\java\main started by andjela.paunovic in C:\Users\andjela.paunovic\IdeaProjects\practical-java)
[Practical Java] [2m14:14:02.723[0;39m [32m INFO[0;39m [2m---[0;39m [36mc.c.p.PracticalJavaApplication          [0;39m [2m:[0;39m No active profile set, falling back to default profiles: default
[Practical Java] [2m14:14:06.862[0;39m [32m INFO[0;39m [2m---[0;39m [36mo.s.b.web.embedded.netty.NettyWebServer [0;39m [2m:[0;39m Netty started on port 8080
[Practical Java] [2m14:14:06.894[0;39m [32m INFO[0;39m [2m---[0;39m [36mc.c.p.PracticalJavaApplication          [0;39m [2m:[0;39m Started PracticalJavaApplication in 4.942 seconds (JVM running for 6.496)
[Practical Java] [2m14:19:43.196[0;39m [32m INFO[0;39m [2m---[0;39m [36mc.c.p.PracticalJavaApplication          [0;39m [2m:[0;39m Starting PracticalJavaApplication using Java 11.0.13 on APAUNOVIC with PID 17252 (C:\Users\andjela.paunovic\IdeaProjects\practical-java\build\classes\java\main started by andjela.paunovic in C:\Users\andjela.paunovic\IdeaProjects\practical-java)
[Practical Java] [2m14:19:43.204[0;39m [32m INFO[0;39m [2m---[0;39m [36mc.c.p.PracticalJavaApplication          [0;39m [2m:[0;39m No active profile set, falling back to default profiles: default
[Practical Java] [2m14:19:47.382[0;39m [32m INFO[0;39m [2m---[0;39m [36mo.s.b.web.embedded.netty.NettyWebServer [0;39m [2m:[0;39m Netty started on port 8080
[Practical Java] [2m14:19:47.407[0;39m [32m INFO[0;39m [2m---[0;39m [36mc.c.p.PracticalJavaApplication          [0;39m [2m:[0;39m Started PracticalJavaApplication in 5.002 seconds (JVM running for 6.702)
[Practical Java] [2m14:21:28.937[0;39m [32m INFO[0;39m [2m---[0;39m [36mc.c.p.PracticalJavaApplication          [0;39m [2m:[0;39m Starting PracticalJavaApplication using Java 11.0.13 on APAUNOVIC with PID 16936 (C:\Users\andjela.paunovic\IdeaProjects\practical-java\build\classes\java\main started by andjela.paunovic in C:\Users\andjela.paunovic\IdeaProjects\practical-java)
[Practical Java] [2m14:21:28.941[0;39m [32m INFO[0;39m [2m---[0;39m [36mc.c.p.PracticalJavaApplication          [0;39m [2m:[0;39m No active profile set, falling back to default profiles: default
[Practical Java] [2m14:21:31.003[0;39m [32m INFO[0;39m [2m---[0;39m [36mo.s.b.web.embedded.netty.NettyWebServer [0;39m [2m:[0;39m Netty started on port 8080
[Practical Java] [2m14:21:31.023[0;39m [32m INFO[0;39m [2m---[0;39m [36mc.c.p.PracticalJavaApplication          [0;39m [2m:[0;39m Started PracticalJavaApplication in 2.853 seconds (JVM running for 4.538)
[Practical Java] [2m14:35:22.523[0;39m [32m INFO[0;39m [2m---[0;39m [36mc.c.p.PracticalJavaApplication          [0;39m [2m:[0;39m Starting PracticalJavaApplication using Java 11.0.13 on APAUNOVIC with PID 16620 (C:\Users\andjela.paunovic\IdeaProjects\practical-java\build\classes\java\main started by andjela.paunovic in C:\Users\andjela.paunovic\IdeaProjects\practical-java)
[Practical Java] [2m14:35:22.530[0;39m [32m INFO[0;39m [2m---[0;39m [36mc.c.p.PracticalJavaApplication          [0;39m [2m:[0;39m No active profile set, falling back to default profiles: default
[Practical Java] [2m14:35:25.693[0;39m [32m INFO[0;39m [2m---[0;39m [36mo.s.b.web.embedded.netty.NettyWebServer [0;39m [2m:[0;39m Netty started on port 8080
[Practical Java] [2m14:35:25.718[0;39m [32m INFO[0;39m [2m---[0;39m [36mc.c.p.PracticalJavaApplication          [0;39m [2m:[0;39m Started PracticalJavaApplication in 4.293 seconds (JVM running for 8.83)
[Practical Java] [2m14:41:21.464[0;39m [32m INFO[0;39m [2m---[0;39m [36mc.c.p.PracticalJavaApplication          [0;39m [2m:[0;39m Starting PracticalJavaApplication using Java 11.0.13 on APAUNOVIC with PID 16040 (C:\Users\andjela.paunovic\IdeaProjects\practical-java\build\classes\java\main started by andjela.paunovic in C:\Users\andjela.paunovic\IdeaProjects\practical-java)
[Practical Java] [2m14:41:21.472[0;39m [32m INFO[0;39m [2m---[0;39m [36mc.c.p.PracticalJavaApplication          [0;39m [2m:[0;39m No active profile set, falling back to default profiles: default
[Practical Java] [2m14:41:24.855[0;39m [32m INFO[0;39m [2m---[0;39m [36mo.s.b.web.embedded.netty.NettyWebServer [0;39m [2m:[0;39m Netty started on port 8080
[Practical Java] [2m14:41:24.878[0;39m [32m INFO[0;39m [2m---[0;39m [36mc.c.p.PracticalJavaApplication          [0;39m [2m:[0;39m Started PracticalJavaApplication in 4.448 seconds (JVM running for 6.635)
[Practical Java] [2m14:42:46.434[0;39m [32m INFO[0;39m [2m---[0;39m [36mc.c.p.PracticalJavaApplication          [0;39m [2m:[0;39m Starting PracticalJavaApplication using Java 11.0.13 on APAUNOVIC with PID 656 (C:\Users\andjela.paunovic\IdeaProjects\practical-java\build\classes\java\main started by andjela.paunovic in C:\Users\andjela.paunovic\IdeaProjects\practical-java)
[Practical Java] [2m14:42:46.441[0;39m [32m INFO[0;39m [2m---[0;39m [36mc.c.p.PracticalJavaApplication          [0;39m [2m:[0;39m No active profile set, falling back to default profiles: default
[Practical Java] [2m14:42:49.902[0;39m [32m INFO[0;39m [2m---[0;39m [36mo.s.b.web.embedded.netty.NettyWebServer [0;39m [2m:[0;39m Netty started on port 8080
[Practical Java] [2m14:42:49.924[0;39m [32m INFO[0;39m [2m---[0;39m [36mc.c.p.PracticalJavaApplication          [0;39m [2m:[0;39m Started PracticalJavaApplication in 6.063 seconds (JVM running for 8.692)
[Practical Java] [2m14:43:26.585[0;39m [32m INFO[0;39m [2m---[0;39m [36mc.c.p.PracticalJavaApplication          [0;39m [2m:[0;39m Starting PracticalJavaApplication using Java 11.0.13 on APAUNOVIC with PID 18400 (C:\Users\andjela.paunovic\IdeaProjects\practical-java\build\classes\java\main started by andjela.paunovic in C:\Users\andjela.paunovic\IdeaProjects\practical-java)
[Practical Java] [2m14:43:26.597[0;39m [32m INFO[0;39m [2m---[0;39m [36mc.c.p.PracticalJavaApplication          [0;39m [2m:[0;39m No active profile set, falling back to default profiles: default
[Practical Java] [2m14:43:31.325[0;39m [32m INFO[0;39m [2m---[0;39m [36mo.s.b.web.embedded.netty.NettyWebServer [0;39m [2m:[0;39m Netty started on port 8080
[Practical Java] [2m14:43:31.349[0;39m [32m INFO[0;39m [2m---[0;39m [36mc.c.p.PracticalJavaApplication          [0;39m [2m:[0;39m Started PracticalJavaApplication in 8.691 seconds (JVM running for 12.233)
[Practical Java] [2m14:45:43.439[0;39m [32m INFO[0;39m [2m---[0;39m [36mc.c.p.PracticalJavaApplication          [0;39m [2m:[0;39m Starting PracticalJavaApplication using Java 11.0.13 on APAUNOVIC with PID 12984 (C:\Users\andjela.paunovic\IdeaProjects\practical-java\build\classes\java\main started by andjela.paunovic in C:\Users\andjela.paunovic\IdeaProjects\practical-java)
[Practical Java] [2m14:45:43.442[0;39m [32m INFO[0;39m [2m---[0;39m [36mc.c.p.PracticalJavaApplication          [0;39m [2m:[0;39m No active profile set, falling back to default profiles: default
[Practical Java] [2m14:45:45.391[0;39m [32m INFO[0;39m [2m---[0;39m [36mo.s.b.web.embedded.netty.NettyWebServer [0;39m [2m:[0;39m Netty started on port 8080
[Practical Java] [2m14:45:45.432[0;39m [32m INFO[0;39m [2m---[0;39m [36mc.c.p.PracticalJavaApplication          [0;39m [2m:[0;39m Started PracticalJavaApplication in 2.637 seconds (JVM running for 3.896)
[Practical Java] [2m14:52:09.033[0;39m [32m INFO[0;39m [2m---[0;39m [36mc.c.p.PracticalJavaApplication          [0;39m [2m:[0;39m Starting PracticalJavaApplication using Java 11.0.13 on APAUNOVIC with PID 13676 (C:\Users\andjela.paunovic\IdeaProjects\practical-java\build\classes\java\main started by andjela.paunovic in C:\Users\andjela.paunovic\IdeaProjects\practical-java)
[Practical Java] [2m14:52:09.040[0;39m [32m INFO[0;39m [2m---[0;39m [36mc.c.p.PracticalJavaApplication          [0;39m [2m:[0;39m No active profile set, falling back to default profiles: default
[Practical Java] [2m14:52:13.283[0;39m [32m INFO[0;39m [2m---[0;39m [36mo.s.b.web.embedded.netty.NettyWebServer [0;39m [2m:[0;39m Netty started on port 8080
[Practical Java] [2m14:52:13.313[0;39m [32m INFO[0;39m [2m---[0;39m [36mc.c.p.PracticalJavaApplication          [0;39m [2m:[0;39m Started PracticalJavaApplication in 5.305 seconds (JVM running for 8.308)
[Practical Java] [2m15:00:34.180[0;39m [32m INFO[0;39m [2m---[0;39m [36mc.c.p.PracticalJavaApplication          [0;39m [2m:[0;39m Starting PracticalJavaApplication using Java 11.0.13 on APAUNOVIC with PID 13228 (C:\Users\andjela.paunovic\IdeaProjects\practical-java\build\classes\java\main started by andjela.paunovic in C:\Users\andjela.paunovic\IdeaProjects\practical-java)
[Practical Java] [2m15:00:34.185[0;39m [32m INFO[0;39m [2m---[0;39m [36mc.c.p.PracticalJavaApplication          [0;39m [2m:[0;39m No active profile set, falling back to default profiles: default
[Practical Java] [2m15:00:37.389[0;39m [32m INFO[0;39m [2m---[0;39m [36mo.s.b.web.embedded.netty.NettyWebServer [0;39m [2m:[0;39m Netty started on port 8080
[Practical Java] [2m15:00:37.410[0;39m [32m INFO[0;39m [2m---[0;39m [36mc.c.p.PracticalJavaApplication          [0;39m [2m:[0;39m Started PracticalJavaApplication in 4.297 seconds (JVM running for 7.429)
[Practical Java] 15:04:05.471  INFO --- c.c.p.PracticalJavaApplicationTests      : Starting PracticalJavaApplicationTests using Java 11.0.13 on APAUNOVIC with PID 18176 (started by andjela.paunovic in C:\Users\andjela.paunovic\IdeaProjects\practical-java)
[Practical Java] 15:04:05.475  INFO --- c.c.p.PracticalJavaApplicationTests      : No active profile set, falling back to default profiles: default
[Practical Java] 15:04:08.444  INFO --- c.c.p.PracticalJavaApplicationTests      : Started PracticalJavaApplicationTests in 3.7 seconds (JVM running for 7.045)
[Practical Java] [2m15:29:14.280[0;39m [32m INFO[0;39m [2m---[0;39m [36mc.c.p.PracticalJavaApplication          [0;39m [2m:[0;39m Starting PracticalJavaApplication using Java 11.0.13 on APAUNOVIC with PID 16084 (C:\Users\andjela.paunovic\IdeaProjects\practical-java\build\classes\java\main started by andjela.paunovic in C:\Users\andjela.paunovic\IdeaProjects\practical-java)
[Practical Java] [2m15:29:14.285[0;39m [32m INFO[0;39m [2m---[0;39m [36mc.c.p.PracticalJavaApplication          [0;39m [2m:[0;39m No active profile set, falling back to default profiles: default
[Practical Java] [2m15:29:16.641[0;39m [32m INFO[0;39m [2m---[0;39m [36mo.s.b.web.embedded.netty.NettyWebServer [0;39m [2m:[0;39m Netty started on port 8080
[Practical Java] [2m15:29:16.657[0;39m [32m INFO[0;39m [2m---[0;39m [36mc.c.p.PracticalJavaApplication          [0;39m [2m:[0;39m Started PracticalJavaApplication in 3.288 seconds (JVM running for 5.476)
[Practical Java] [2m15:42:28.802[0;39m [32m INFO[0;39m [2m---[0;39m [36mc.c.p.PracticalJavaApplication          [0;39m [2m:[0;39m Starting PracticalJavaApplication using Java 11.0.13 on APAUNOVIC with PID 13804 (C:\Users\andjela.paunovic\IdeaProjects\practical-java\build\classes\java\main started by andjela.paunovic in C:\Users\andjela.paunovic\IdeaProjects\practical-java)
[Practical Java] [2m15:42:28.818[0;39m [32m INFO[0;39m [2m---[0;39m [36mc.c.p.PracticalJavaApplication          [0;39m [2m:[0;39m No active profile set, falling back to default profiles: default
[Practical Java] [2m15:42:32.655[0;39m [32m INFO[0;39m [2m---[0;39m [36mo.s.b.web.embedded.netty.NettyWebServer [0;39m [2m:[0;39m Netty started on port 8081
[Practical Java] [2m15:42:32.686[0;39m [32m INFO[0;39m [2m---[0;39m [36mc.c.p.PracticalJavaApplication          [0;39m [2m:[0;39m Started PracticalJavaApplication in 5.139 seconds (JVM running for 7.401)
